2016/09/13 21:53:08 にビルドを開始しました。
     1>ノード 2 上のプロジェクト "F:\project\NidusAvis\NidusAvis.vcxproj" (rebuild ターゲット)。
     1>InitializeBuildStatus:
         "Debug\NidusAvis.unsuccessfulbuild" のタッチ タスクを実行しています。
       ClCompile:
         C:\Program Files (x86)\Microsoft Visual Studio 10.0\VC\bin\CL.exe /c /ZI /nologo /W3 /WX- /Od /Oy- /D WIN32 /D _DEBUG /D _WINDOWS /D _UNICODE /D UNICODE /Gm /EHsc /RTC1 /MDd /GS /fp:precise /Zc:wchar_t /Zc:forScope /Fo"Debug\\" /Fd"Debug\vc100.pdb" /Gd /TP /analyze- /errorReport:prompt Lib\CTask.cpp Lib\DxFont.cpp Lib\DxInput.cpp Lib\DxSound.cpp Lib\DxSprite.cpp Lib\DxTexture.cpp Lib\DxWin.cpp Source\BgFuncs.cpp Source\BorderLine.cpp Source\CharLetter.cpp Source\Cross.cpp Source\Cursor.cpp Source\Darken.cpp Source\DrectXSound.cpp Source\Egg.cpp Source\EggShell.cpp Source\GameOver.cpp Source\GamePose.cpp Source\GamePoseControl.cpp Source\GameScore.cpp Source\GameSystem.cpp Source\GameTitle.cpp Source\InPonit.cpp Source\InfoReadSystem.cpp Source\Life.cpp Source\LifeControl.cpp Source\Line.cpp Source\NiduAvis.cpp Source\ScoreControl.cpp Source\ScoreLetter.cpp Source\ScoreNumber.cpp Source\SetSound.cpp Source\SetTexture.cpp Source\SmallBird.cpp Source\CharacterTitle.cpp Source\SoundFuncs.cpp Source\StartLetter.cpp Source\TextureFuncs.cpp Source\WinMain.cpp
         WinMain.cpp
     1>f:\project\nidusavis\source\winmain.cpp(6): fatal error C1083: include ファイルを開けません。'macro.h': No such file or directory
         TextureFuncs.cpp
     1>f:\project\nidusavis\source\taskfuncs.h(2): fatal error C1083: include ファイルを開けません。'CTask.h': No such file or directory
         StartLetter.cpp
     1>f:\project\nidusavis\source\taskfuncs.h(2): fatal error C1083: include ファイルを開けません。'CTask.h': No such file or directory
         SoundFuncs.cpp
     1>f:\project\nidusavis\source\taskfuncs.h(2): fatal error C1083: include ファイルを開けません。'CTask.h': No such file or directory
         CharacterTitle.cpp
     1>f:\project\nidusavis\source\taskfuncs.h(2): fatal error C1083: include ファイルを開けません。'CTask.h': No such file or directory
         SmallBird.cpp
     1>f:\project\nidusavis\source\taskfuncs.h(2): fatal error C1083: include ファイルを開けません。'CTask.h': No such file or directory
         SetTexture.cpp
     1>f:\project\nidusavis\source\taskfuncs.h(2): fatal error C1083: include ファイルを開けません。'CTask.h': No such file or directory
         SetSound.cpp
     1>f:\project\nidusavis\source\taskfuncs.h(2): fatal error C1083: include ファイルを開けません。'CTask.h': No such file or directory
         ScoreNumber.cpp
     1>f:\project\nidusavis\source\taskfuncs.h(2): fatal error C1083: include ファイルを開けません。'CTask.h': No such file or directory
         ScoreLetter.cpp
     1>f:\project\nidusavis\source\taskfuncs.h(2): fatal error C1083: include ファイルを開けません。'CTask.h': No such file or directory
         ScoreControl.cpp
     1>f:\project\nidusavis\source\taskfuncs.h(2): fatal error C1083: include ファイルを開けません。'CTask.h': No such file or directory
         NiduAvis.cpp
     1>f:\project\nidusavis\source\taskfuncs.h(2): fatal error C1083: include ファイルを開けません。'CTask.h': No such file or directory
         Line.cpp
     1>f:\project\nidusavis\source\taskfuncs.h(2): fatal error C1083: include ファイルを開けません。'CTask.h': No such file or directory
         LifeControl.cpp
     1>f:\project\nidusavis\source\taskfuncs.h(2): fatal error C1083: include ファイルを開けません。'CTask.h': No such file or directory
         Life.cpp
     1>f:\project\nidusavis\source\taskfuncs.h(2): fatal error C1083: include ファイルを開けません。'CTask.h': No such file or directory
         InfoReadSystem.cpp
     1>f:\project\nidusavis\source\inforeadsystem.cpp(12): warning C4996: 'fopen': This function or variable may be unsafe. Consider using fopen_s instead. To disable deprecation, use _CRT_SECURE_NO_WARNINGS. See online help for details.
                 c:\program files (x86)\microsoft visual studio 10.0\vc\include\stdio.h(234) : 'fopen' の宣言を確認してください。
         InPonit.cpp
     1>f:\project\nidusavis\source\taskfuncs.h(2): fatal error C1083: include ファイルを開けません。'CTask.h': No such file or directory
         GameTitle.cpp
     1>f:\project\nidusavis\source\taskfuncs.h(2): fatal error C1083: include ファイルを開けません。'CTask.h': No such file or directory
         GameSystem.cpp
     1>f:\project\nidusavis\source\taskfuncs.h(2): fatal error C1083: include ファイルを開けません。'CTask.h': No such file or directory
         GameScore.cpp
     1>f:\project\nidusavis\source\taskfuncs.h(2): fatal error C1083: include ファイルを開けません。'CTask.h': No such file or directory
         コードを生成中...
         コンパイル中...
         GamePoseControl.cpp
     1>f:\project\nidusavis\source\taskfuncs.h(2): fatal error C1083: include ファイルを開けません。'CTask.h': No such file or directory
         GamePose.cpp
     1>f:\project\nidusavis\source\taskfuncs.h(2): fatal error C1083: include ファイルを開けません。'CTask.h': No such file or directory
         GameOver.cpp
     1>f:\project\nidusavis\source\taskfuncs.h(2): fatal error C1083: include ファイルを開けません。'CTask.h': No such file or directory
         EggShell.cpp
     1>f:\project\nidusavis\source\taskfuncs.h(2): fatal error C1083: include ファイルを開けません。'CTask.h': No such file or directory
         Egg.cpp
     1>f:\project\nidusavis\source\taskfuncs.h(2): fatal error C1083: include ファイルを開けません。'CTask.h': No such file or directory
         DrectXSound.cpp
     1>f:\project\nidusavis\source\drectxsound.cpp(18): fatal error C1083: include ファイルを開けません。'Macro.h': No such file or directory
         Darken.cpp
     1>f:\project\nidusavis\source\taskfuncs.h(2): fatal error C1083: include ファイルを開けません。'CTask.h': No such file or directory
         Cursor.cpp
     1>f:\project\nidusavis\source\taskfuncs.h(2): fatal error C1083: include ファイルを開けません。'CTask.h': No such file or directory
         Cross.cpp
     1>f:\project\nidusavis\source\taskfuncs.h(2): fatal error C1083: include ファイルを開けません。'CTask.h': No such file or directory
         CharLetter.cpp
     1>f:\project\nidusavis\source\taskfuncs.h(2): fatal error C1083: include ファイルを開けません。'CTask.h': No such file or directory
         BorderLine.cpp
     1>f:\project\nidusavis\source\taskfuncs.h(2): fatal error C1083: include ファイルを開けません。'CTask.h': No such file or directory
         BgFuncs.cpp
     1>f:\project\nidusavis\source\taskfuncs.h(2): fatal error C1083: include ファイルを開けません。'CTask.h': No such file or directory
         DxWin.cpp
     1>f:\project\nidusavis\lib\dxwin.cpp(1): fatal error C1083: include ファイルを開けません。'DxWin.h': No such file or directory
         DxTexture.cpp
     1>f:\project\nidusavis\lib\dxtexture.cpp(1): fatal error C1083: include ファイルを開けません。'DxTexture.h': No such file or directory
         DxSprite.cpp
     1>f:\project\nidusavis\lib\dxsprite.cpp(1): fatal error C1083: include ファイルを開けません。'DxSprite.h': No such file or directory
         DxSound.cpp
     1>f:\project\nidusavis\lib\dxsound.cpp(2): fatal error C1083: include ファイルを開けません。'DxSound.h': No such file or directory
         DxInput.cpp
     1>f:\project\nidusavis\lib\dxinput.cpp(1): fatal error C1083: include ファイルを開けません。'DxInput.h': No such file or directory
         DxFont.cpp
     1>f:\project\nidusavis\lib\dxfont.cpp(1): fatal error C1083: include ファイルを開けません。'DxFont.h': No such file or directory
         CTask.cpp
     1>f:\project\nidusavis\lib\ctask.cpp(2): fatal error C1083: include ファイルを開けません。'CTask.h': No such file or directory
         コードを生成中...
     1>プロジェクト "F:\project\NidusAvis\NidusAvis.vcxproj" (rebuild ターゲット) のビルドが終了しました -- 失敗。

ビルドに失敗しました。

経過時間 00:00:03.54
